<?xml version="1.0" encoding="UTF-8"?>
<robot generator="Robot 4.0.3 (Python 3.9.7 on win32)" generated="20221004 20:59:45.036" rpa="false" schemaversion="2">
<suite id="s1" name="Fedex" source="C:\Users\Atul Jain\Downloads\Personal\Automation\ShankitaCode\shankita_testing_prog-1\fedex.robot">
<kw name="Login to fedex home page" type="SETUP">
<kw name="Open Browser" library="SeleniumLibrary">
<arg>${HOME_PAGE}</arg>
<arg>${BROWSER}</arg>
<doc>Opens a new browser instance to the optional ``url``.</doc>
<msg timestamp="20221004 20:59:45.510" level="INFO">Opening browser 'chrome' to base url 'https://www.fedex.com/en-gb/home.html'.</msg>
<status status="PASS" starttime="20221004 20:59:45.510" endtime="20221004 20:59:52.080"/>
</kw>
<kw name="Maximize Browser Window" library="SeleniumLibrary">
<doc>Maximizes current browser window.</doc>
<status status="PASS" starttime="20221004 20:59:52.080" endtime="20221004 20:59:52.320"/>
</kw>
<kw name="Wait Until Page Contains" library="SeleniumLibrary">
<arg>fedex</arg>
<doc>Waits until ``text`` appears on the current page.</doc>
<status status="PASS" starttime="20221004 20:59:52.320" endtime="20221004 20:59:52.362"/>
</kw>
<kw name="Click Link" library="SeleniumLibrary">
<arg>${English}</arg>
<doc>Clicks a link identified by ``locator``.</doc>
<msg timestamp="20221004 20:59:52.365" level="INFO">Clicking link 'https://www.fedex.com/en-nl/home.html'.</msg>
<status status="PASS" starttime="20221004 20:59:52.362" endtime="20221004 20:59:54.175"/>
</kw>
<kw name="Click Button" library="SeleniumLibrary">
<arg>${Accept_Cookies}</arg>
<doc>Clicks the button identified by ``locator``.</doc>
<msg timestamp="20221004 20:59:54.175" level="INFO">Clicking button 'ACCEPT ALL COOKIES'.</msg>
<status status="PASS" starttime="20221004 20:59:54.175" endtime="20221004 20:59:54.472"/>
</kw>
<kw name="Sleep" library="BuiltIn">
<arg>10s</arg>
<doc>Pauses the test executed for the given time.</doc>
<msg timestamp="20221004 21:00:04.477" level="INFO">Slept 10 seconds</msg>
<status status="PASS" starttime="20221004 20:59:54.472" endtime="20221004 21:00:04.477"/>
</kw>
<status status="PASS" starttime="20221004 20:59:45.510" endtime="20221004 21:00:04.477"/>
</kw>
<test id="s1-t1" name="fedex home page">
<kw name="Wait Until Page Contains" library="SeleniumLibrary">
<arg>fedex</arg>
<doc>Waits until ``text`` appears on the current page.</doc>
<status status="PASS" starttime="20221004 21:00:04.477" endtime="20221004 21:00:04.504"/>
</kw>
<doc>This Test case is to verify Fedex</doc>
<tag>Home</tag>
<tag>P2</tag>
<status status="PASS" starttime="20221004 21:00:04.477" endtime="20221004 21:00:04.513"/>
</test>
<test id="s1-t2" name="fedex shipping page">
<kw name="Wait Until Page Contains" library="SeleniumLibrary">
<arg>fedex</arg>
<doc>Waits until ``text`` appears on the current page.</doc>
<status status="PASS" starttime="20221004 21:00:04.521" endtime="20221004 21:00:04.582"/>
</kw>
<doc>This Test case is to verify Fedex</doc>
<tag>Home</tag>
<tag>P2</tag>
<status status="PASS" starttime="20221004 21:00:04.518" endtime="20221004 21:00:04.583"/>
</test>
<kw name="Close All Browsers" type="TEARDOWN">
<kw name="Close Browser" library="SeleniumLibrary">
<doc>Closes the current browser.</doc>
<status status="PASS" starttime="20221004 21:00:04.587" endtime="20221004 21:00:07.512"/>
</kw>
<status status="PASS" starttime="20221004 21:00:04.587" endtime="20221004 21:00:07.513"/>
</kw>
<status status="PASS" starttime="20221004 20:59:45.040" endtime="20221004 21:00:07.513"/>
</suite>
<statistics>
<total>
<stat pass="2" fail="0" skip="0">All Tests</stat>
</total>
<tag>
<stat pass="2" fail="0" skip="0">Home</stat>
<stat pass="2" fail="0" skip="0">P2</stat>
</tag>
<suite>
<stat pass="2" fail="0" skip="0" id="s1" name="Fedex">Fedex</stat>
</suite>
</statistics>
<errors>
</errors>
</robot>
