<?xml version="1.0" encoding="UTF-8"?>
<robot generator="Robot 4.0.1 (Python 3.9.4 on win32)" generated="20221006 13:58:11.705" rpa="false" schemaversion="2">
<suite id="s1" name="Fedex" source="D:\shankita_wiproAssesment\wipro_assesment\fedex.robot">
<kw name="Login to fedex home page" library="HomePage" type="SETUP">
<kw name="Open Browser" library="SeleniumLibrary">
<arg>${HOME_PAGE}</arg>
<arg>${BROWSER}</arg>
<doc>Opens a new browser instance to the optional ``url``.</doc>
<msg timestamp="20221006 13:58:12.118" level="INFO">Opening browser 'chrome' to base url 'https://www.fedex.com/en-gb/home.html'.</msg>
<status status="PASS" starttime="20221006 13:58:12.118" endtime="20221006 13:58:17.071"/>
</kw>
<kw name="Maximize Browser Window" library="SeleniumLibrary">
<doc>Maximizes current browser window.</doc>
<status status="PASS" starttime="20221006 13:58:17.071" endtime="20221006 13:58:17.271"/>
</kw>
<kw name="Wait Until Page Contains" library="SeleniumLibrary">
<arg>fedex</arg>
<doc>Waits until ``text`` appears on the current page.</doc>
<status status="PASS" starttime="20221006 13:58:17.271" endtime="20221006 13:58:17.415"/>
</kw>
<kw name="Click Link" library="SeleniumLibrary">
<arg>${English}</arg>
<doc>Clicks a link identified by ``locator``.</doc>
<msg timestamp="20221006 13:58:17.415" level="INFO">Clicking link 'https://www.fedex.com/en-nl/home.html'.</msg>
<status status="PASS" starttime="20221006 13:58:17.415" endtime="20221006 13:58:19.055"/>
</kw>
<kw name="Run Keyword And Ignore Error" library="BuiltIn">
<arg>Click Button</arg>
<arg>${Accept_Cookies}</arg>
<doc>Runs the given keyword with the given arguments and ignores possible error.</doc>
<kw name="Click Button" library="SeleniumLibrary">
<arg>${Accept_Cookies}</arg>
<doc>Clicks the button identified by ``locator``.</doc>
<msg timestamp="20221006 13:58:19.055" level="INFO">Clicking button 'ACCEPT ALL COOKIES'.</msg>
<status status="PASS" starttime="20221006 13:58:19.055" endtime="20221006 13:58:19.211"/>
</kw>
<status status="PASS" starttime="20221006 13:58:19.055" endtime="20221006 13:58:19.211"/>
</kw>
<kw name="Sleep" library="BuiltIn">
<arg>2s</arg>
<doc>Pauses the test executed for the given time.</doc>
<msg timestamp="20221006 13:58:21.218" level="INFO">Slept 2 seconds</msg>
<status status="PASS" starttime="20221006 13:58:19.211" endtime="20221006 13:58:21.218"/>
</kw>
<status status="PASS" starttime="20221006 13:58:12.118" endtime="20221006 13:58:21.218"/>
</kw>
<test id="s1-t1" name="Test Case for fedex Login page">
<kw name="fedex Login page ${user}">
<arg>${password}</arg>
<msg timestamp="20221006 13:58:21.218" level="FAIL">No keyword with name 'fedex Login page ${user}' found.</msg>
<status status="FAIL" starttime="20221006 13:58:21.218" endtime="20221006 13:58:21.218"/>
</kw>
<tag>login</tag>
<tag>P1</tag>
<status status="FAIL" starttime="20221006 13:58:21.218" endtime="20221006 13:58:21.218">No keyword with name 'fedex Login page ${user}' found.</status>
</test>
<kw name="Close All Browsers" type="TEARDOWN">
<msg timestamp="20221006 13:58:21.226" level="FAIL">Multiple keywords with name 'Close All Browsers' found. Give the full name of the keyword you want to use:
    TrackingPage.Close All Browsers
    ValidUser.Close All Browsers</msg>
<status status="FAIL" starttime="20221006 13:58:21.226" endtime="20221006 13:58:21.226">Multiple keywords with name 'Close All Browsers' found. Give the full name of the keyword you want to use:
    TrackingPage.Close All Browsers
    ValidUser.Close All Browsers</status>
</kw>
<status status="FAIL" starttime="20221006 13:58:11.720" endtime="20221006 13:58:21.226">Suite teardown failed:
Multiple keywords with name 'Close All Browsers' found. Give the full name of the keyword you want to use:
    TrackingPage.Close All Browsers
    ValidUser.Close All Browsers</status>
</suite>
<statistics>
<total>
<stat pass="0" fail="1" skip="0">All Tests</stat>
</total>
<tag>
<stat pass="0" fail="1" skip="0">login</stat>
<stat pass="0" fail="1" skip="0">P1</stat>
</tag>
<suite>
<stat pass="0" fail="1" skip="0" id="s1" name="Fedex">Fedex</stat>
</suite>
</statistics>
<errors>
<msg timestamp="20221006 13:58:12.108" level="ERROR">Error in file 'D:\shankita_wiproAssesment\wipro_assesment\PageObjects\ValidUser.resource' on line 14: Setting 'Arguments' is allowed only once. Only the first value is used.</msg>
</errors>
</robot>
